<?xml version="1.0" encoding="UTF-8"?>
<testng-results ignored="0" total="1" passed="1" failed="0" skipped="0">
  <reporter-output>
  </reporter-output>
  <suite started-at="2024-10-30T21:10:23 IST" name="Default suite" finished-at="2024-10-30T21:10:23 IST" duration-ms="95">
    <groups>
    </groups>
    <test started-at="2024-10-30T21:10:23 IST" name="Default test" finished-at="2024-10-30T21:10:23 IST" duration-ms="95">
      <class name="Serialization_DeSerialization.deserialization">
        <test-method signature="deserialize()[pri:0, instance:Serialization_DeSerialization.deserialization@5223e5ee]" started-at="2024-10-30T21:10:23 IST" name="deserialize" finished-at="2024-10-30T21:10:23 IST" duration-ms="85" status="PASS">
          <reporter-output>
          </reporter-output>
        </test-method> <!-- deserialize -->
      </class> <!-- Serialization_DeSerialization.deserialization -->
    </test> <!-- Default test -->
  </suite> <!-- Default suite -->
</testng-results>
